<?xml version="1.0" encoding="UTF-8"?>
<!-- Generated by org.testng.reporters.JUnitReportReporter -->
<testsuite hostname="LAPTOP-QN3UJFPU" failures="0" tests="6" name="TestWithDP" time="8.550" errors="0" timestamp="2022-09-29T10:43:31 IDT" skipped="0">
  <testcase classname="TestWithDP" name="testExpediaLinks" time="1.242"/>
  <system-out/>
  <testcase classname="TestWithDP" name="testExpediaLinks" time="1.381"/>
  <system-out/>
  <testcase classname="TestWithDP" name="testExpediaLinks" time="1.338"/>
  <system-out/>
  <testcase classname="TestWithDP" name="testExpediaLinks" time="1.714"/>
  <system-out/>
  <testcase classname="TestWithDP" name="testExpediaLinks" time="1.281"/>
  <system-out/>
  <testcase classname="TestWithDP" name="testExpediaLinks" time="1.594"/>
  <system-out/>
</testsuite> <!-- TestWithDP -->
